<?xml version="1.0" encoding="UTF-8"?>
<testsuites name="Test Suite 1" time="17" tests="1" failures="0" errors="0">
   <testsuite name="Test Suite 1" tests="1" failures="0" errors="0" time="17" timestamp="2018-12-20 10:04:43" hostname="r.ninganna - BDC4-L-5532KPZ.dir.svc.accenture.com" id="Test Suites/Test Suite 1">
      <properties>
         <property name="deviceName" value=""/>
         <property name="devicePlatform" value=""/>
         <property name="logFolder" value="C:\\Users\\r.ninganna\\Katalon Studio\\API Demo Project 1\\Reports\\Test Suite 1\\20181220_100428"/>
         <property name="logFiles" value="C:\\Users\\r.ninganna\\Katalon Studio\\API Demo Project 1\\Reports\\Test Suite 1\\20181220_100428\\execution0.log"/>
         <property name="attachments" value=""/>
         <property name="hostName" value="r.ninganna - BDC4-L-5532KPZ.dir.svc.accenture.com"/>
         <property name="hostAddress" value="10.204.88.77"/>
         <property name="os" value="Windows 10 64bit"/>
         <property name="katalonVersion" value="5.8.3.2"/>
      </properties>
      <testcase name="Test Cases/ListUsersTest" classname="Test Cases/ListUsersTest" status="PASSED">
         <system-out><![CDATA[2018-12-20 10:04:45 - [TEST_CASE][PASSED] - Test Cases/ListUsersTest: Test Cases/ListUsersTest

2018-12-20 10:04:48 - [TEST_STEP][PASSED] - sendRequest: Send request successfully

2018-12-20 10:04:56 - [MESSAGE][PASSED] - Send request successfully

2018-12-20 10:04:56 - [TEST_STEP][PASSED] - Statement - response = com.kms.katalon.core.webservice.keyword.WSBuiltInKeywords.sendRequestAndVerify(com.kms.katalon.core.testobject.ObjectRepository.findTestObject(UserRestService/ListUsers)): Send request and verify the response successfully

2018-12-20 10:04:57 - [TEST_CASE][PASSED] - Start Test Case : Verification: Verification accomplished successfully

2018-12-20 10:04:59 - [TEST_STEP][PASSED] - Statement - request = com.kms.katalon.core.webservice.verification.WSResponseManager.getInstance().getCurrentRequest(): null

2018-12-20 10:04:59 - [TEST_STEP][PASSED] - Statement - response = com.kms.katalon.core.webservice.verification.WSResponseManager.getInstance().getCurrentResponse(): null

2018-12-20 10:04:59 - [TEST_STEP][PASSED] - verifyResponseStatusCode: Verify response status code successfully

2018-12-20 10:04:59 - [MESSAGE][PASSED] - Verify response status code successfully

2018-12-20 10:04:59 - [TEST_STEP][PASSED] - Statement - org.assertj.core.api.Assertions.assertThat(response.getStatusCode()).isEqualTo(200): null

2018-12-20 10:05:00 - [TEST_STEP][PASSED] - verifyElementPropertyValue: Verify element property value successfully

2018-12-20 10:05:00 - [MESSAGE][PASSED] - Verify element property value successfully

2018-12-20 10:05:00 - [MESSAGE][PASSED] - Verify response successfully

2018-12-20 10:05:00 - [MESSAGE][PASSED] - Send request and verify the response successfully

2018-12-20 10:05:00 - [TEST_STEP][PASSED] - verifyElementPropertyValue: Verify element property value successfully

2018-12-20 10:05:01 - [MESSAGE][PASSED] - Verify element property value successfully

2018-12-20 10:05:01 - [TEST_STEP][PASSED] - verifyElementPropertyValue: Verify element property value successfully

2018-12-20 10:05:01 - [MESSAGE][PASSED] - Verify element property value successfully

2018-12-20 10:05:01 - [TEST_STEP][PASSED] - verifyElementsCount: Verify element count successfully

2018-12-20 10:05:01 - [MESSAGE][PASSED] - Verify element count successfully]]></system-out>
         <system-err><![CDATA[]]></system-err>
      </testcase>
      <system-out><![CDATA[2018-12-20 10:04:43 - [TEST_SUITE][PASSED] - Test Suite 1: Test Cases/ListUsersTest]]></system-out>
      <system-err><![CDATA[]]></system-err>
   </testsuite>
</testsuites>
